2023-10-28 15:13:58.986 [http-nio-8080-exec-6] DEBUG org.newhome.mapper.UserMapper.selectOne - ==>  Preparing: SELECT user_id,username,password,salt,email,headshot,introduction FROM user WHERE (user_id = ?)
2023-10-28 15:13:59.004 [http-nio-8080-exec-6] DEBUG org.newhome.mapper.UserMapper.selectOne - ==> Parameters: 333(Integer)
2023-10-28 15:13:59.027 [http-nio-8080-exec-6] DEBUG org.newhome.mapper.UserMapper.selectOne - <==      Total: 0
2023-10-28 15:13:59.030 [http-nio-8080-exec-6] DEBUG org.newhome.mapper.UserMapper.selectOne - ==>  Preparing: SELECT user_id,username,password,salt,email,headshot,introduction FROM user WHERE (user_id = ?)
2023-10-28 15:13:59.031 [http-nio-8080-exec-6] DEBUG org.newhome.mapper.UserMapper.selectOne - ==> Parameters: 444(Integer)
2023-10-28 15:13:59.039 [http-nio-8080-exec-6] DEBUG org.newhome.mapper.UserMapper.selectOne - <==      Total: 0
2023-10-28 15:14:05.073 [http-nio-8080-exec-9] DEBUG org.newhome.mapper.UserMapper.selectOne - ==>  Preparing: SELECT user_id,username,password,salt,email,headshot,introduction FROM user WHERE (user_id = ?)
2023-10-28 15:14:05.073 [http-nio-8080-exec-9] DEBUG org.newhome.mapper.UserMapper.selectOne - ==> Parameters: 333(Integer)
2023-10-28 15:14:05.083 [http-nio-8080-exec-9] DEBUG org.newhome.mapper.UserMapper.selectOne - <==      Total: 0
2023-10-28 15:14:05.085 [http-nio-8080-exec-9] DEBUG org.newhome.mapper.UserMapper.selectOne - ==>  Preparing: SELECT user_id,username,password,salt,email,headshot,introduction FROM user WHERE (user_id = ?)
2023-10-28 15:14:05.085 [http-nio-8080-exec-9] DEBUG org.newhome.mapper.UserMapper.selectOne - ==> Parameters: 111(Integer)
2023-10-28 15:14:05.095 [http-nio-8080-exec-9] DEBUG org.newhome.mapper.UserMapper.selectOne - <==      Total: 0
2023-10-28 15:14:09.541 [http-nio-8080-exec-7] DEBUG org.newhome.mapper.UserMapper.selectOne - ==>  Preparing: SELECT user_id,username,password,salt,email,headshot,introduction FROM user WHERE (user_id = ?)
2023-10-28 15:14:09.542 [http-nio-8080-exec-7] DEBUG org.newhome.mapper.UserMapper.selectOne - ==> Parameters: 111(Integer)
2023-10-28 15:14:09.551 [http-nio-8080-exec-7] DEBUG org.newhome.mapper.UserMapper.selectOne - <==      Total: 0
2023-10-28 15:14:09.552 [http-nio-8080-exec-7] DEBUG org.newhome.mapper.UserMapper.selectOne - ==>  Preparing: SELECT user_id,username,password,salt,email,headshot,introduction FROM user WHERE (user_id = ?)
2023-10-28 15:14:09.552 [http-nio-8080-exec-7] DEBUG org.newhome.mapper.UserMapper.selectOne - ==> Parameters: 333(Integer)
2023-10-28 15:14:09.560 [http-nio-8080-exec-7] DEBUG org.newhome.mapper.UserMapper.selectOne - <==      Total: 0
2023-10-28 15:14:12.590 [http-nio-8080-exec-5] DEBUG org.newhome.mapper.UserMapper.selectOne - ==>  Preparing: SELECT user_id,username,password,salt,email,headshot,introduction FROM user WHERE (user_id = ?)
2023-10-28 15:14:12.591 [http-nio-8080-exec-5] DEBUG org.newhome.mapper.UserMapper.selectOne - ==> Parameters: 111(Integer)
2023-10-28 15:14:12.599 [http-nio-8080-exec-5] DEBUG org.newhome.mapper.UserMapper.selectOne - <==      Total: 0
2023-10-28 15:14:12.601 [http-nio-8080-exec-5] DEBUG org.newhome.mapper.UserMapper.selectOne - ==>  Preparing: SELECT user_id,username,password,salt,email,headshot,introduction FROM user WHERE (user_id = ?)
2023-10-28 15:14:12.601 [http-nio-8080-exec-5] DEBUG org.newhome.mapper.UserMapper.selectOne - ==> Parameters: 333(Integer)
2023-10-28 15:14:12.612 [http-nio-8080-exec-5] DEBUG org.newhome.mapper.UserMapper.selectOne - <==      Total: 0
2023-10-28 15:14:15.765 [http-nio-8080-exec-3] DEBUG org.newhome.mapper.UserMapper.selectOne - ==>  Preparing: SELECT user_id,username,password,salt,email,headshot,introduction FROM user WHERE (user_id = ?)
2023-10-28 15:14:15.765 [http-nio-8080-exec-3] DEBUG org.newhome.mapper.UserMapper.selectOne - ==> Parameters: 111(Integer)
2023-10-28 15:14:15.773 [http-nio-8080-exec-3] DEBUG org.newhome.mapper.UserMapper.selectOne - <==      Total: 0
2023-10-28 15:14:15.774 [http-nio-8080-exec-3] DEBUG org.newhome.mapper.UserMapper.selectOne - ==>  Preparing: SELECT user_id,username,password,salt,email,headshot,introduction FROM user WHERE (user_id = ?)
2023-10-28 15:14:15.774 [http-nio-8080-exec-3] DEBUG org.newhome.mapper.UserMapper.selectOne - ==> Parameters: 222(Integer)
2023-10-28 15:14:15.783 [http-nio-8080-exec-3] DEBUG org.newhome.mapper.UserMapper.selectOne - <==      Total: 0
2023-10-28 15:14:16.800 [http-nio-8080-exec-8] DEBUG org.newhome.mapper.UserMapper.selectOne - ==>  Preparing: SELECT user_id,username,password,salt,email,headshot,introduction FROM user WHERE (user_id = ?)
2023-10-28 15:14:16.801 [http-nio-8080-exec-8] DEBUG org.newhome.mapper.UserMapper.selectOne - ==> Parameters: 111(Integer)
2023-10-28 15:14:16.809 [http-nio-8080-exec-8] DEBUG org.newhome.mapper.UserMapper.selectOne - <==      Total: 0
2023-10-28 15:14:16.810 [http-nio-8080-exec-8] DEBUG org.newhome.mapper.UserMapper.selectOne - ==>  Preparing: SELECT user_id,username,password,salt,email,headshot,introduction FROM user WHERE (user_id = ?)
2023-10-28 15:14:16.810 [http-nio-8080-exec-8] DEBUG org.newhome.mapper.UserMapper.selectOne - ==> Parameters: 222(Integer)
2023-10-28 15:14:16.820 [http-nio-8080-exec-8] DEBUG org.newhome.mapper.UserMapper.selectOne - <==      Total: 0
2023-10-28 15:14:28.552 [http-nio-8080-exec-2] DEBUG org.newhome.mapper.UserMapper.selectOne - ==>  Preparing: SELECT user_id,username,password,salt,email,headshot,introduction FROM user WHERE (user_id = ?)
2023-10-28 15:14:28.553 [http-nio-8080-exec-2] DEBUG org.newhome.mapper.UserMapper.selectOne - ==> Parameters: 111(Integer)
2023-10-28 15:14:28.553 [http-nio-8080-exec-2] DEBUG org.newhome.mapper.UserMapper.selectOne - <==      Total: 0
2023-10-28 15:14:28.553 [http-nio-8080-exec-2] DEBUG org.newhome.mapper.UserMapper.selectOne - ==>  Preparing: SELECT user_id,username,password,salt,email,headshot,introduction FROM user WHERE (user_id = ?)
2023-10-28 15:14:28.553 [http-nio-8080-exec-2] DEBUG org.newhome.mapper.UserMapper.selectOne - ==> Parameters: 333(Integer)
2023-10-28 15:14:28.569 [http-nio-8080-exec-2] DEBUG org.newhome.mapper.UserMapper.selectOne - <==      Total: 0
2023-10-28 15:14:29.705 [http-nio-8080-exec-4] DEBUG org.newhome.mapper.UserMapper.selectOne - ==>  Preparing: SELECT user_id,username,password,salt,email,headshot,introduction FROM user WHERE (user_id = ?)
2023-10-28 15:14:29.706 [http-nio-8080-exec-4] DEBUG org.newhome.mapper.UserMapper.selectOne - ==> Parameters: 111(Integer)
2023-10-28 15:14:29.715 [http-nio-8080-exec-4] DEBUG org.newhome.mapper.UserMapper.selectOne - <==      Total: 0
2023-10-28 15:14:29.716 [http-nio-8080-exec-4] DEBUG org.newhome.mapper.UserMapper.selectOne - ==>  Preparing: SELECT user_id,username,password,salt,email,headshot,introduction FROM user WHERE (user_id = ?)
2023-10-28 15:14:29.716 [http-nio-8080-exec-4] DEBUG org.newhome.mapper.UserMapper.selectOne - ==> Parameters: 333(Integer)
2023-10-28 15:14:29.725 [http-nio-8080-exec-4] DEBUG org.newhome.mapper.UserMapper.selectOne - <==      Total: 0
2023-10-28 15:14:38.777 [http-nio-8080-exec-10] DEBUG org.newhome.mapper.UserMapper.selectOne - ==>  Preparing: SELECT user_id,username,password,salt,email,headshot,introduction FROM user WHERE (user_id = ?)
2023-10-28 15:14:38.777 [http-nio-8080-exec-10] DEBUG org.newhome.mapper.UserMapper.selectOne - ==> Parameters: 14(Integer)
2023-10-28 15:14:38.792 [http-nio-8080-exec-10] DEBUG org.newhome.mapper.UserMapper.selectOne - <==      Total: 1
2023-10-28 15:14:38.794 [http-nio-8080-exec-10] DEBUG org.newhome.mapper.UserMapper.selectOne - ==>  Preparing: SELECT user_id,username,password,salt,email,headshot,introduction FROM user WHERE (user_id = ?)
2023-10-28 15:14:38.794 [http-nio-8080-exec-10] DEBUG org.newhome.mapper.UserMapper.selectOne - ==> Parameters: 15(Integer)
2023-10-28 15:14:38.805 [http-nio-8080-exec-10] DEBUG org.newhome.mapper.UserMapper.selectOne - <==      Total: 1
2023-10-28 15:14:44.562 [http-nio-8080-exec-9] DEBUG org.newhome.mapper.UserMapper.selectOne - ==>  Preparing: SELECT user_id,username,password,salt,email,headshot,introduction FROM user WHERE (user_id = ?)
2023-10-28 15:14:44.563 [http-nio-8080-exec-9] DEBUG org.newhome.mapper.UserMapper.selectOne - ==> Parameters: 14(Integer)
2023-10-28 15:14:44.570 [http-nio-8080-exec-9] DEBUG org.newhome.mapper.UserMapper.selectOne - <==      Total: 1
2023-10-28 15:14:44.570 [http-nio-8080-exec-9] DEBUG org.newhome.mapper.UserMapper.selectOne - ==>  Preparing: SELECT user_id,username,password,salt,email,headshot,introduction FROM user WHERE (user_id = ?)
2023-10-28 15:14:44.570 [http-nio-8080-exec-9] DEBUG org.newhome.mapper.UserMapper.selectOne - ==> Parameters: 16(Integer)
2023-10-28 15:14:44.581 [http-nio-8080-exec-9] DEBUG org.newhome.mapper.UserMapper.selectOne - <==      Total: 0
2023-10-28 15:14:48.964 [http-nio-8080-exec-5] DEBUG org.newhome.mapper.UserMapper.selectOne - ==>  Preparing: SELECT user_id,username,password,salt,email,headshot,introduction FROM user WHERE (user_id = ?)
2023-10-28 15:14:48.965 [http-nio-8080-exec-5] DEBUG org.newhome.mapper.UserMapper.selectOne - ==> Parameters: 14(Integer)
2023-10-28 15:14:48.973 [http-nio-8080-exec-5] DEBUG org.newhome.mapper.UserMapper.selectOne - <==      Total: 1
2023-10-28 15:14:48.974 [http-nio-8080-exec-5] DEBUG org.newhome.mapper.UserMapper.selectOne - ==>  Preparing: SELECT user_id,username,password,salt,email,headshot,introduction FROM user WHERE (user_id = ?)
2023-10-28 15:14:48.974 [http-nio-8080-exec-5] DEBUG org.newhome.mapper.UserMapper.selectOne - ==> Parameters: 16(Integer)
2023-10-28 15:14:48.983 [http-nio-8080-exec-5] DEBUG org.newhome.mapper.UserMapper.selectOne - <==      Total: 0
2023-10-28 15:14:54.824 [http-nio-8080-exec-2] DEBUG org.newhome.mapper.UserMapper.selectOne - ==>  Preparing: SELECT user_id,username,password,salt,email,headshot,introduction FROM user WHERE (user_id = ?)
2023-10-28 15:14:54.824 [http-nio-8080-exec-2] DEBUG org.newhome.mapper.UserMapper.selectOne - ==> Parameters: 16(Integer)
2023-10-28 15:14:54.832 [http-nio-8080-exec-2] DEBUG org.newhome.mapper.UserMapper.selectOne - <==      Total: 0
2023-10-28 15:14:54.833 [http-nio-8080-exec-2] DEBUG org.newhome.mapper.UserMapper.selectOne - ==>  Preparing: SELECT user_id,username,password,salt,email,headshot,introduction FROM user WHERE (user_id = ?)
2023-10-28 15:14:54.833 [http-nio-8080-exec-2] DEBUG org.newhome.mapper.UserMapper.selectOne - ==> Parameters: 15(Integer)
2023-10-28 15:14:54.841 [http-nio-8080-exec-2] DEBUG org.newhome.mapper.UserMapper.selectOne - <==      Total: 1
2023-10-28 15:14:57.770 [http-nio-8080-exec-4] DEBUG org.newhome.mapper.UserMapper.selectOne - ==>  Preparing: SELECT user_id,username,password,salt,email,headshot,introduction FROM user WHERE (user_id = ?)
2023-10-28 15:14:57.771 [http-nio-8080-exec-4] DEBUG org.newhome.mapper.UserMapper.selectOne - ==> Parameters: 16(Integer)
2023-10-28 15:14:57.780 [http-nio-8080-exec-4] DEBUG org.newhome.mapper.UserMapper.selectOne - <==      Total: 0
2023-10-28 15:14:57.781 [http-nio-8080-exec-4] DEBUG org.newhome.mapper.UserMapper.selectOne - ==>  Preparing: SELECT user_id,username,password,salt,email,headshot,introduction FROM user WHERE (user_id = ?)
2023-10-28 15:14:57.782 [http-nio-8080-exec-4] DEBUG org.newhome.mapper.UserMapper.selectOne - ==> Parameters: 15(Integer)
2023-10-28 15:14:57.791 [http-nio-8080-exec-4] DEBUG org.newhome.mapper.UserMapper.selectOne - <==      Total: 1
2023-10-28 15:15:21.265 [http-nio-8080-exec-6] DEBUG org.newhome.mapper.UserMapper.selectOne - ==>  Preparing: SELECT user_id,username,password,salt,email,headshot,introduction FROM user WHERE (user_id = ?)
2023-10-28 15:15:21.265 [http-nio-8080-exec-6] DEBUG org.newhome.mapper.UserMapper.selectOne - ==> Parameters: 14(Integer)
2023-10-28 15:15:21.274 [http-nio-8080-exec-6] DEBUG org.newhome.mapper.UserMapper.selectOne - <==      Total: 1
2023-10-28 15:15:21.275 [http-nio-8080-exec-6] DEBUG org.newhome.mapper.UserMapper.selectOne - ==>  Preparing: SELECT user_id,username,password,salt,email,headshot,introduction FROM user WHERE (user_id = ?)
2023-10-28 15:15:21.275 [http-nio-8080-exec-6] DEBUG org.newhome.mapper.UserMapper.selectOne - ==> Parameters: 15(Integer)
2023-10-28 15:15:21.290 [http-nio-8080-exec-6] DEBUG org.newhome.mapper.UserMapper.selectOne - <==      Total: 1
2023-10-28 15:15:31.092 [http-nio-8080-exec-1] DEBUG org.newhome.mapper.UserMapper.selectOne - ==>  Preparing: SELECT user_id,username,password,salt,email,headshot,introduction FROM user WHERE (user_id = ?)
2023-10-28 15:15:31.092 [http-nio-8080-exec-1] DEBUG org.newhome.mapper.UserMapper.selectOne - ==> Parameters: 14(Integer)
2023-10-28 15:15:31.096 [http-nio-8080-exec-1] DEBUG org.newhome.mapper.UserMapper.selectOne - <==      Total: 1
2023-10-28 15:15:31.096 [http-nio-8080-exec-1] DEBUG org.newhome.mapper.UserMapper.selectOne - ==>  Preparing: SELECT user_id,username,password,salt,email,headshot,introduction FROM user WHERE (user_id = ?)
2023-10-28 15:15:31.096 [http-nio-8080-exec-1] DEBUG org.newhome.mapper.UserMapper.selectOne - ==> Parameters: 15(Integer)
2023-10-28 15:15:31.096 [http-nio-8080-exec-1] DEBUG org.newhome.mapper.UserMapper.selectOne - <==      Total: 1
2023-10-28 15:15:31.111 [http-nio-8080-exec-1] DEBUG org.newhome.mapper.RelationMapper.selectList - ==>  Preparing: SELECT relation_id,user1_id,user2_id,kind FROM relation WHERE (user1_id = ? AND user2_id = ? AND kind = ?)
2023-10-28 15:15:31.111 [http-nio-8080-exec-1] DEBUG org.newhome.mapper.RelationMapper.selectList - ==> Parameters: 14(Integer), 15(Integer), 1(Integer)
2023-10-28 15:15:31.127 [http-nio-8080-exec-1] DEBUG org.newhome.mapper.RelationMapper.selectList - <==      Total: 0
2023-10-28 15:15:31.127 [http-nio-8080-exec-1] DEBUG org.newhome.mapper.RelationMapper.insert - ==>  Preparing: INSERT INTO relation ( user1_id, user2_id, kind ) VALUES ( ?, ?, ? )
2023-10-28 15:15:31.127 [http-nio-8080-exec-1] DEBUG org.newhome.mapper.RelationMapper.insert - ==> Parameters: 14(Integer), 15(Integer), 0(Integer)
2023-10-28 15:15:31.380 [http-nio-8080-exec-1] DEBUG org.newhome.mapper.RelationMapper.insert - <==    Updates: 1
2023-10-28 15:15:50.068 [http-nio-8080-exec-10] DEBUG org.newhome.mapper.UserMapper.selectOne - ==>  Preparing: SELECT user_id,username,password,salt,email,headshot,introduction FROM user WHERE (user_id = ?)
2023-10-28 15:15:50.068 [http-nio-8080-exec-10] DEBUG org.newhome.mapper.UserMapper.selectOne - ==> Parameters: 14(Integer)
2023-10-28 15:15:50.078 [http-nio-8080-exec-10] DEBUG org.newhome.mapper.UserMapper.selectOne - <==      Total: 1
2023-10-28 15:15:50.078 [http-nio-8080-exec-10] DEBUG org.newhome.mapper.UserMapper.selectOne - ==>  Preparing: SELECT user_id,username,password,salt,email,headshot,introduction FROM user WHERE (user_id = ?)
2023-10-28 15:15:50.079 [http-nio-8080-exec-10] DEBUG org.newhome.mapper.UserMapper.selectOne - ==> Parameters: 15(Integer)
2023-10-28 15:15:50.086 [http-nio-8080-exec-10] DEBUG org.newhome.mapper.UserMapper.selectOne - <==      Total: 1
2023-10-28 15:15:50.086 [http-nio-8080-exec-10] DEBUG org.newhome.mapper.RelationMapper.selectList - ==>  Preparing: SELECT relation_id,user1_id,user2_id,kind FROM relation WHERE (user1_id = ? AND user2_id = ? AND kind = ?)
2023-10-28 15:15:50.086 [http-nio-8080-exec-10] DEBUG org.newhome.mapper.RelationMapper.selectList - ==> Parameters: 14(Integer), 15(Integer), 1(Integer)
2023-10-28 15:15:50.095 [http-nio-8080-exec-10] DEBUG org.newhome.mapper.RelationMapper.selectList - <==      Total: 1
2023-10-28 15:17:26.025 [http-nio-8080-exec-7] DEBUG org.newhome.mapper.UserMapper.selectOne - ==>  Preparing: SELECT user_id,username,password,salt,email,headshot,introduction FROM user WHERE (user_id = ?)
2023-10-28 15:17:26.026 [http-nio-8080-exec-7] DEBUG org.newhome.mapper.UserMapper.selectOne - ==> Parameters: 14(Integer)
2023-10-28 15:17:26.035 [http-nio-8080-exec-7] DEBUG org.newhome.mapper.UserMapper.selectOne - <==      Total: 1
2023-10-28 15:17:26.036 [http-nio-8080-exec-7] DEBUG org.newhome.mapper.UserMapper.selectOne - ==>  Preparing: SELECT user_id,username,password,salt,email,headshot,introduction FROM user WHERE (user_id = ?)
2023-10-28 15:17:26.036 [http-nio-8080-exec-7] DEBUG org.newhome.mapper.UserMapper.selectOne - ==> Parameters: 15(Integer)
2023-10-28 15:17:26.043 [http-nio-8080-exec-7] DEBUG org.newhome.mapper.UserMapper.selectOne - <==      Total: 1
2023-10-28 15:17:26.043 [http-nio-8080-exec-7] DEBUG org.newhome.mapper.RelationMapper.selectList - ==>  Preparing: SELECT relation_id,user1_id,user2_id,kind FROM relation WHERE (user1_id = ? AND user2_id = ? AND kind = ?)
2023-10-28 15:17:26.045 [http-nio-8080-exec-7] DEBUG org.newhome.mapper.RelationMapper.selectList - ==> Parameters: 14(Integer), 15(Integer), 0(Integer)
2023-10-28 15:17:26.055 [http-nio-8080-exec-7] DEBUG org.newhome.mapper.RelationMapper.selectList - <==      Total: 1
2023-10-28 15:17:26.060 [http-nio-8080-exec-7] DEBUG org.newhome.mapper.RelationMapper.update - ==>  Preparing: UPDATE relation SET kind=? WHERE (user1_id = ? AND user2_id = ?)
2023-10-28 15:17:26.062 [http-nio-8080-exec-7] DEBUG org.newhome.mapper.RelationMapper.update - ==> Parameters: 1(Integer), 14(Integer), 15(Integer)
2023-10-28 15:17:26.265 [http-nio-8080-exec-7] DEBUG org.newhome.mapper.RelationMapper.update - <==    Updates: 1
2023-10-28 15:17:43.545 [http-nio-8080-exec-5] DEBUG org.newhome.mapper.UserMapper.selectOne - ==>  Preparing: SELECT user_id,username,password,salt,email,headshot,introduction FROM user WHERE (user_id = ?)
2023-10-28 15:17:43.546 [http-nio-8080-exec-5] DEBUG org.newhome.mapper.UserMapper.selectOne - ==> Parameters: 14(Integer)
2023-10-28 15:17:43.546 [http-nio-8080-exec-5] DEBUG org.newhome.mapper.UserMapper.selectOne - <==      Total: 1
2023-10-28 15:17:43.546 [http-nio-8080-exec-5] DEBUG org.newhome.mapper.UserMapper.selectOne - ==>  Preparing: SELECT user_id,username,password,salt,email,headshot,introduction FROM user WHERE (user_id = ?)
2023-10-28 15:17:43.546 [http-nio-8080-exec-5] DEBUG org.newhome.mapper.UserMapper.selectOne - ==> Parameters: 15(Integer)
2023-10-28 15:17:43.563 [http-nio-8080-exec-5] DEBUG org.newhome.mapper.UserMapper.selectOne - <==      Total: 1
2023-10-28 15:17:43.563 [http-nio-8080-exec-5] DEBUG org.newhome.mapper.RelationMapper.selectList - ==>  Preparing: SELECT relation_id,user1_id,user2_id,kind FROM relation WHERE (user1_id = ? AND user2_id = ? AND kind = ?)
2023-10-28 15:17:43.563 [http-nio-8080-exec-5] DEBUG org.newhome.mapper.RelationMapper.selectList - ==> Parameters: 14(Integer), 15(Integer), 0(Integer)
2023-10-28 15:17:43.564 [http-nio-8080-exec-5] DEBUG org.newhome.mapper.RelationMapper.selectList - <==      Total: 0
2023-10-28 15:17:43.564 [http-nio-8080-exec-5] DEBUG org.newhome.mapper.RelationMapper.insert - ==>  Preparing: INSERT INTO relation ( user1_id, user2_id, kind ) VALUES ( ?, ?, ? )
2023-10-28 15:17:43.564 [http-nio-8080-exec-5] DEBUG org.newhome.mapper.RelationMapper.insert - ==> Parameters: 14(Integer), 15(Integer), 1(Integer)
2023-10-28 15:17:43.790 [http-nio-8080-exec-5] DEBUG org.newhome.mapper.RelationMapper.insert - <==    Updates: 1
2023-10-28 15:18:14.571 [http-nio-8080-exec-3] DEBUG org.newhome.mapper.UserMapper.selectOne - ==>  Preparing: SELECT user_id,username,password,salt,email,headshot,introduction FROM user WHERE (user_id = ?)
2023-10-28 15:18:14.571 [http-nio-8080-exec-3] DEBUG org.newhome.mapper.UserMapper.selectOne - ==> Parameters: 14(Integer)
2023-10-28 15:18:14.584 [http-nio-8080-exec-3] DEBUG org.newhome.mapper.UserMapper.selectOne - <==      Total: 1
2023-10-28 15:18:14.585 [http-nio-8080-exec-3] DEBUG org.newhome.mapper.UserMapper.selectOne - ==>  Preparing: SELECT user_id,username,password,salt,email,headshot,introduction FROM user WHERE (user_id = ?)
2023-10-28 15:18:14.586 [http-nio-8080-exec-3] DEBUG org.newhome.mapper.UserMapper.selectOne - ==> Parameters: 16(Integer)
2023-10-28 15:18:14.594 [http-nio-8080-exec-3] DEBUG org.newhome.mapper.UserMapper.selectOne - <==      Total: 0
2023-10-28 15:18:19.847 [http-nio-8080-exec-8] DEBUG org.newhome.mapper.UserMapper.selectOne - ==>  Preparing: SELECT user_id,username,password,salt,email,headshot,introduction FROM user WHERE (user_id = ?)
2023-10-28 15:18:19.848 [http-nio-8080-exec-8] DEBUG org.newhome.mapper.UserMapper.selectOne - ==> Parameters: 14(Integer)
2023-10-28 15:18:19.857 [http-nio-8080-exec-8] DEBUG org.newhome.mapper.UserMapper.selectOne - <==      Total: 1
2023-10-28 15:18:19.858 [http-nio-8080-exec-8] DEBUG org.newhome.mapper.UserMapper.selectOne - ==>  Preparing: SELECT user_id,username,password,salt,email,headshot,introduction FROM user WHERE (user_id = ?)
2023-10-28 15:18:19.858 [http-nio-8080-exec-8] DEBUG org.newhome.mapper.UserMapper.selectOne - ==> Parameters: 16(Integer)
2023-10-28 15:18:19.866 [http-nio-8080-exec-8] DEBUG org.newhome.mapper.UserMapper.selectOne - <==      Total: 0
2023-10-28 15:18:24.709 [http-nio-8080-exec-2] DEBUG org.newhome.mapper.UserMapper.selectOne - ==>  Preparing: SELECT user_id,username,password,salt,email,headshot,introduction FROM user WHERE (user_id = ?)
2023-10-28 15:18:24.710 [http-nio-8080-exec-2] DEBUG org.newhome.mapper.UserMapper.selectOne - ==> Parameters: 16(Integer)
2023-10-28 15:18:24.717 [http-nio-8080-exec-2] DEBUG org.newhome.mapper.UserMapper.selectOne - <==      Total: 0
2023-10-28 15:18:24.718 [http-nio-8080-exec-2] DEBUG org.newhome.mapper.UserMapper.selectOne - ==>  Preparing: SELECT user_id,username,password,salt,email,headshot,introduction FROM user WHERE (user_id = ?)
2023-10-28 15:18:24.719 [http-nio-8080-exec-2] DEBUG org.newhome.mapper.UserMapper.selectOne - ==> Parameters: 15(Integer)
2023-10-28 15:18:24.726 [http-nio-8080-exec-2] DEBUG org.newhome.mapper.UserMapper.selectOne - <==      Total: 1
2023-10-28 15:18:27.974 [http-nio-8080-exec-4] DEBUG org.newhome.mapper.UserMapper.selectOne - ==>  Preparing: SELECT user_id,username,password,salt,email,headshot,introduction FROM user WHERE (user_id = ?)
2023-10-28 15:18:27.975 [http-nio-8080-exec-4] DEBUG org.newhome.mapper.UserMapper.selectOne - ==> Parameters: 16(Integer)
2023-10-28 15:18:27.983 [http-nio-8080-exec-4] DEBUG org.newhome.mapper.UserMapper.selectOne - <==      Total: 0
2023-10-28 15:18:27.985 [http-nio-8080-exec-4] DEBUG org.newhome.mapper.UserMapper.selectOne - ==>  Preparing: SELECT user_id,username,password,salt,email,headshot,introduction FROM user WHERE (user_id = ?)
2023-10-28 15:18:27.985 [http-nio-8080-exec-4] DEBUG org.newhome.mapper.UserMapper.selectOne - ==> Parameters: 15(Integer)
2023-10-28 15:18:27.992 [http-nio-8080-exec-4] DEBUG org.newhome.mapper.UserMapper.selectOne - <==      Total: 1
2023-10-28 15:18:47.652 [http-nio-8080-exec-6] DEBUG org.newhome.mapper.UserMapper.selectOne - ==>  Preparing: SELECT user_id,username,password,salt,email,headshot,introduction FROM user WHERE (user_id = ?)
2023-10-28 15:18:47.653 [http-nio-8080-exec-6] DEBUG org.newhome.mapper.UserMapper.selectOne - ==> Parameters: 14(Integer)
2023-10-28 15:18:47.656 [http-nio-8080-exec-6] DEBUG org.newhome.mapper.UserMapper.selectOne - <==      Total: 1
2023-10-28 15:18:47.656 [http-nio-8080-exec-6] DEBUG org.newhome.mapper.UserMapper.selectOne - ==>  Preparing: SELECT user_id,username,password,salt,email,headshot,introduction FROM user WHERE (user_id = ?)
2023-10-28 15:18:47.656 [http-nio-8080-exec-6] DEBUG org.newhome.mapper.UserMapper.selectOne - ==> Parameters: 15(Integer)
2023-10-28 15:18:47.656 [http-nio-8080-exec-6] DEBUG org.newhome.mapper.UserMapper.selectOne - <==      Total: 1
2023-10-28 15:18:47.671 [http-nio-8080-exec-6] DEBUG org.newhome.mapper.RelationMapper.delete - ==>  Preparing: DELETE FROM relation WHERE (user1_id = ? AND user2_id = ? AND kind = ?)
2023-10-28 15:18:47.673 [http-nio-8080-exec-6] DEBUG org.newhome.mapper.RelationMapper.delete - ==> Parameters: 14(Integer), 15(Integer), 0(Integer)
2023-10-28 15:18:47.690 [http-nio-8080-exec-6] DEBUG org.newhome.mapper.RelationMapper.delete - <==    Updates: 0
2023-10-28 15:19:05.203 [http-nio-8080-exec-1] DEBUG org.newhome.mapper.UserMapper.selectOne - ==>  Preparing: SELECT user_id,username,password,salt,email,headshot,introduction FROM user WHERE (user_id = ?)
2023-10-28 15:19:05.204 [http-nio-8080-exec-1] DEBUG org.newhome.mapper.UserMapper.selectOne - ==> Parameters: 14(Integer)
2023-10-28 15:19:05.213 [http-nio-8080-exec-1] DEBUG org.newhome.mapper.UserMapper.selectOne - <==      Total: 1
2023-10-28 15:19:05.214 [http-nio-8080-exec-1] DEBUG org.newhome.mapper.UserMapper.selectOne - ==>  Preparing: SELECT user_id,username,password,salt,email,headshot,introduction FROM user WHERE (user_id = ?)
2023-10-28 15:19:05.214 [http-nio-8080-exec-1] DEBUG org.newhome.mapper.UserMapper.selectOne - ==> Parameters: 15(Integer)
2023-10-28 15:19:05.222 [http-nio-8080-exec-1] DEBUG org.newhome.mapper.UserMapper.selectOne - <==      Total: 1
2023-10-28 15:19:05.223 [http-nio-8080-exec-1] DEBUG org.newhome.mapper.RelationMapper.delete - ==>  Preparing: DELETE FROM relation WHERE (user1_id = ? AND user2_id = ? AND kind = ?)
2023-10-28 15:19:05.224 [http-nio-8080-exec-1] DEBUG org.newhome.mapper.RelationMapper.delete - ==> Parameters: 14(Integer), 15(Integer), 1(Integer)
2023-10-28 15:19:05.388 [http-nio-8080-exec-1] DEBUG org.newhome.mapper.RelationMapper.delete - <==    Updates: 1
2023-10-28 15:20:08.712 [http-nio-8080-exec-9] DEBUG org.newhome.mapper.UserMapper.selectOne - ==>  Preparing: SELECT user_id,username,password,salt,email,headshot,introduction FROM user WHERE (user_id = ?)
2023-10-28 15:20:08.713 [http-nio-8080-exec-9] DEBUG org.newhome.mapper.UserMapper.selectOne - ==> Parameters: 14(Integer)
2023-10-28 15:20:08.721 [http-nio-8080-exec-9] DEBUG org.newhome.mapper.UserMapper.selectOne - <==      Total: 1
2023-10-28 15:20:08.722 [http-nio-8080-exec-9] DEBUG org.newhome.mapper.UserMapper.selectOne - ==>  Preparing: SELECT user_id,username,password,salt,email,headshot,introduction FROM user WHERE (user_id = ?)
2023-10-28 15:20:08.722 [http-nio-8080-exec-9] DEBUG org.newhome.mapper.UserMapper.selectOne - ==> Parameters: 15(Integer)
2023-10-28 15:20:08.734 [http-nio-8080-exec-9] DEBUG org.newhome.mapper.UserMapper.selectOne - <==      Total: 1
2023-10-28 15:20:08.736 [http-nio-8080-exec-9] DEBUG org.newhome.mapper.RelationMapper.selectList - ==>  Preparing: SELECT relation_id,user1_id,user2_id,kind FROM relation WHERE (user1_id = ? AND user2_id = ? AND kind = ?)
2023-10-28 15:20:08.736 [http-nio-8080-exec-9] DEBUG org.newhome.mapper.RelationMapper.selectList - ==> Parameters: 14(Integer), 15(Integer), 0(Integer)
2023-10-28 15:20:08.744 [http-nio-8080-exec-9] DEBUG org.newhome.mapper.RelationMapper.selectList - <==      Total: 0
2023-10-28 15:20:08.745 [http-nio-8080-exec-9] DEBUG org.newhome.mapper.RelationMapper.insert - ==>  Preparing: INSERT INTO relation ( user1_id, user2_id, kind ) VALUES ( ?, ?, ? )
2023-10-28 15:20:08.746 [http-nio-8080-exec-9] DEBUG org.newhome.mapper.RelationMapper.insert - ==> Parameters: 14(Integer), 15(Integer), 1(Integer)
2023-10-28 15:20:08.930 [http-nio-8080-exec-9] DEBUG org.newhome.mapper.RelationMapper.insert - <==    Updates: 1
2023-10-28 15:20:11.924 [http-nio-8080-exec-7] DEBUG org.newhome.mapper.UserMapper.selectOne - ==>  Preparing: SELECT user_id,username,password,salt,email,headshot,introduction FROM user WHERE (user_id = ?)
2023-10-28 15:20:11.924 [http-nio-8080-exec-7] DEBUG org.newhome.mapper.UserMapper.selectOne - ==> Parameters: null
2023-10-28 15:20:11.932 [http-nio-8080-exec-7] DEBUG org.newhome.mapper.UserMapper.selectOne - <==      Total: 0
2023-10-28 15:20:11.933 [http-nio-8080-exec-7] DEBUG org.newhome.mapper.UserMapper.selectOne - ==>  Preparing: SELECT user_id,username,password,salt,email,headshot,introduction FROM user WHERE (user_id = ?)
2023-10-28 15:20:11.933 [http-nio-8080-exec-7] DEBUG org.newhome.mapper.UserMapper.selectOne - ==> Parameters: null
2023-10-28 15:20:11.941 [http-nio-8080-exec-7] DEBUG org.newhome.mapper.UserMapper.selectOne - <==      Total: 0
2023-10-28 15:21:53.339 [http-nio-8080-exec-9] DEBUG org.newhome.mapper.UserMapper.selectOne - ==>  Preparing: SELECT user_id,username,password,salt,email,headshot,introduction FROM user WHERE (user_id = ?)
2023-10-28 15:21:53.360 [http-nio-8080-exec-9] DEBUG org.newhome.mapper.UserMapper.selectOne - ==> Parameters: null
2023-10-28 15:21:53.386 [http-nio-8080-exec-9] DEBUG org.newhome.mapper.UserMapper.selectOne - <==      Total: 0
2023-10-28 15:21:53.389 [http-nio-8080-exec-9] DEBUG org.newhome.mapper.UserMapper.selectOne - ==>  Preparing: SELECT user_id,username,password,salt,email,headshot,introduction FROM user WHERE (user_id = ?)
2023-10-28 15:21:53.389 [http-nio-8080-exec-9] DEBUG org.newhome.mapper.UserMapper.selectOne - ==> Parameters: null
2023-10-28 15:21:53.397 [http-nio-8080-exec-9] DEBUG org.newhome.mapper.UserMapper.selectOne - <==      Total: 0
2023-10-28 15:22:00.792 [http-nio-8080-exec-8] DEBUG org.newhome.mapper.UserMapper.selectOne - ==>  Preparing: SELECT user_id,username,password,salt,email,headshot,introduction FROM user WHERE (user_id = ?)
2023-10-28 15:22:00.792 [http-nio-8080-exec-8] DEBUG org.newhome.mapper.UserMapper.selectOne - ==> Parameters: 14(Integer)
2023-10-28 15:22:00.802 [http-nio-8080-exec-8] DEBUG org.newhome.mapper.UserMapper.selectOne - <==      Total: 1
2023-10-28 15:22:00.802 [http-nio-8080-exec-8] DEBUG org.newhome.mapper.UserMapper.selectOne - ==>  Preparing: SELECT user_id,username,password,salt,email,headshot,introduction FROM user WHERE (user_id = ?)
2023-10-28 15:22:00.803 [http-nio-8080-exec-8] DEBUG org.newhome.mapper.UserMapper.selectOne - ==> Parameters: null
2023-10-28 15:22:00.813 [http-nio-8080-exec-8] DEBUG org.newhome.mapper.UserMapper.selectOne - <==      Total: 0
2023-10-28 15:22:04.025 [http-nio-8080-exec-7] DEBUG org.newhome.mapper.UserMapper.selectOne - ==>  Preparing: SELECT user_id,username,password,salt,email,headshot,introduction FROM user WHERE (user_id = ?)
2023-10-28 15:22:04.026 [http-nio-8080-exec-7] DEBUG org.newhome.mapper.UserMapper.selectOne - ==> Parameters: 14(Integer)
2023-10-28 15:22:04.034 [http-nio-8080-exec-7] DEBUG org.newhome.mapper.UserMapper.selectOne - <==      Total: 1
2023-10-28 15:22:04.035 [http-nio-8080-exec-7] DEBUG org.newhome.mapper.UserMapper.selectOne - ==>  Preparing: SELECT user_id,username,password,salt,email,headshot,introduction FROM user WHERE (user_id = ?)
2023-10-28 15:22:04.036 [http-nio-8080-exec-7] DEBUG org.newhome.mapper.UserMapper.selectOne - ==> Parameters: null
2023-10-28 15:22:04.045 [http-nio-8080-exec-7] DEBUG org.newhome.mapper.UserMapper.selectOne - <==      Total: 0
2023-10-28 15:22:51.791 [http-nio-8080-exec-8] DEBUG org.newhome.mapper.UserMapper.selectOne - ==>  Preparing: SELECT user_id,username,password,salt,email,headshot,introduction FROM user WHERE (user_id = ?)
2023-10-28 15:22:51.804 [http-nio-8080-exec-8] DEBUG org.newhome.mapper.UserMapper.selectOne - ==> Parameters: 14(Integer)
2023-10-28 15:22:51.822 [http-nio-8080-exec-8] DEBUG org.newhome.mapper.UserMapper.selectOne - <==      Total: 1
2023-10-28 15:22:51.825 [http-nio-8080-exec-8] DEBUG org.newhome.mapper.UserMapper.selectOne - ==>  Preparing: SELECT user_id,username,password,salt,email,headshot,introduction FROM user WHERE (user_id = ?)
2023-10-28 15:22:51.826 [http-nio-8080-exec-8] DEBUG org.newhome.mapper.UserMapper.selectOne - ==> Parameters: null
2023-10-28 15:22:51.839 [http-nio-8080-exec-8] DEBUG org.newhome.mapper.UserMapper.selectOne - <==      Total: 0
2023-10-28 15:29:33.054 [http-nio-8080-exec-1] DEBUG org.newhome.mapper.RelationMapper.selectList - ==>  Preparing: SELECT relation_id,user1_id,user2_id,kind FROM relation WHERE (user1_id = ? AND kind = ?)
2023-10-28 15:29:33.075 [http-nio-8080-exec-1] DEBUG org.newhome.mapper.RelationMapper.selectList - ==> Parameters: 14(Integer), 0(Integer)
2023-10-28 15:29:33.093 [http-nio-8080-exec-1] DEBUG org.newhome.mapper.RelationMapper.selectList - <==      Total: 0
2023-10-28 15:29:37.264 [http-nio-8080-exec-6] DEBUG org.newhome.mapper.RelationMapper.selectList - ==>  Preparing: SELECT relation_id,user1_id,user2_id,kind FROM relation WHERE (user1_id = ? AND kind = ?)
2023-10-28 15:29:37.265 [http-nio-8080-exec-6] DEBUG org.newhome.mapper.RelationMapper.selectList - ==> Parameters: 14(Integer), 1(Integer)
2023-10-28 15:29:37.275 [http-nio-8080-exec-6] DEBUG org.newhome.mapper.RelationMapper.selectList - <==      Total: 1
2023-10-28 15:29:42.876 [http-nio-8080-exec-8] DEBUG org.newhome.mapper.RelationMapper.selectList - ==>  Preparing: SELECT relation_id,user1_id,user2_id,kind FROM relation WHERE (user2_id = ? AND kind = ?)
2023-10-28 15:29:42.877 [http-nio-8080-exec-8] DEBUG org.newhome.mapper.RelationMapper.selectList - ==> Parameters: 15(Integer), 1(Integer)
2023-10-28 15:29:42.885 [http-nio-8080-exec-8] DEBUG org.newhome.mapper.RelationMapper.selectList - <==      Total: 1
2023-10-28 15:29:45.673 [http-nio-8080-exec-10] DEBUG org.newhome.mapper.RelationMapper.selectList - ==>  Preparing: SELECT relation_id,user1_id,user2_id,kind FROM relation WHERE (user2_id = ? AND kind = ?)
2023-10-28 15:29:45.674 [http-nio-8080-exec-10] DEBUG org.newhome.mapper.RelationMapper.selectList - ==> Parameters: 15(Integer), 0(Integer)
2023-10-28 15:29:45.682 [http-nio-8080-exec-10] DEBUG org.newhome.mapper.RelationMapper.selectList - <==      Total: 0
2023-10-28 15:29:51.301 [http-nio-8080-exec-2] DEBUG org.newhome.mapper.RelationMapper.selectList - ==>  Preparing: SELECT relation_id,user1_id,user2_id,kind FROM relation WHERE (user1_id = ? AND user2_id = ? AND kind = ?)
2023-10-28 15:29:51.301 [http-nio-8080-exec-2] DEBUG org.newhome.mapper.RelationMapper.selectList - ==> Parameters: 14(Integer), 15(Integer), 0(Integer)
2023-10-28 15:29:51.310 [http-nio-8080-exec-2] DEBUG org.newhome.mapper.RelationMapper.selectList - <==      Total: 0
2023-10-28 15:30:02.029 [http-nio-8080-exec-3] DEBUG org.newhome.mapper.RelationMapper.selectList - ==>  Preparing: SELECT relation_id,user1_id,user2_id,kind FROM relation WHERE (user1_id = ? AND kind = ?)
2023-10-28 15:30:02.030 [http-nio-8080-exec-3] DEBUG org.newhome.mapper.RelationMapper.selectList - ==> Parameters: 14(Integer), 0(Integer)
2023-10-28 15:30:02.043 [http-nio-8080-exec-3] DEBUG org.newhome.mapper.RelationMapper.selectList - <==      Total: 0
2023-10-28 15:30:05.207 [http-nio-8080-exec-5] DEBUG org.newhome.mapper.RelationMapper.selectList - ==>  Preparing: SELECT relation_id,user1_id,user2_id,kind FROM relation WHERE (user1_id = ? AND kind = ?)
2023-10-28 15:30:05.208 [http-nio-8080-exec-5] DEBUG org.newhome.mapper.RelationMapper.selectList - ==> Parameters: 14(Integer), 1(Integer)
2023-10-28 15:30:05.216 [http-nio-8080-exec-5] DEBUG org.newhome.mapper.RelationMapper.selectList - <==      Total: 1
2023-10-28 15:30:10.754 [http-nio-8080-exec-9] DEBUG org.newhome.mapper.RelationMapper.selectList - ==>  Preparing: SELECT relation_id,user1_id,user2_id,kind FROM relation WHERE (user2_id = ? AND kind = ?)
2023-10-28 15:30:10.755 [http-nio-8080-exec-9] DEBUG org.newhome.mapper.RelationMapper.selectList - ==> Parameters: 15(Integer), 1(Integer)
2023-10-28 15:30:10.762 [http-nio-8080-exec-9] DEBUG org.newhome.mapper.RelationMapper.selectList - <==      Total: 1
2023-10-28 15:30:14.932 [http-nio-8080-exec-7] DEBUG org.newhome.mapper.RelationMapper.selectList - ==>  Preparing: SELECT relation_id,user1_id,user2_id,kind FROM relation WHERE (user2_id = ? AND kind = ?)
2023-10-28 15:30:14.933 [http-nio-8080-exec-7] DEBUG org.newhome.mapper.RelationMapper.selectList - ==> Parameters: 15(Integer), 0(Integer)
2023-10-28 15:30:14.941 [http-nio-8080-exec-7] DEBUG org.newhome.mapper.RelationMapper.selectList - <==      Total: 0
2023-10-28 15:30:20.901 [http-nio-8080-exec-1] DEBUG org.newhome.mapper.RelationMapper.selectList - ==>  Preparing: SELECT relation_id,user1_id,user2_id,kind FROM relation WHERE (user2_id = ? AND kind = ?)
2023-10-28 15:30:20.901 [http-nio-8080-exec-1] DEBUG org.newhome.mapper.RelationMapper.selectList - ==> Parameters: 15(Integer), 1(Integer)
2023-10-28 15:30:20.910 [http-nio-8080-exec-1] DEBUG org.newhome.mapper.RelationMapper.selectList - <==      Total: 1
2023-10-28 15:30:26.811 [http-nio-8080-exec-4] DEBUG org.newhome.mapper.RelationMapper.selectList - ==>  Preparing: SELECT relation_id,user1_id,user2_id,kind FROM relation WHERE (user1_id = ? AND kind = ?)
2023-10-28 15:30:26.811 [http-nio-8080-exec-4] DEBUG org.newhome.mapper.RelationMapper.selectList - ==> Parameters: 14(Integer), 1(Integer)
2023-10-28 15:30:26.819 [http-nio-8080-exec-4] DEBUG org.newhome.mapper.RelationMapper.selectList - <==      Total: 1
2023-10-28 15:30:28.562 [http-nio-8080-exec-6] DEBUG org.newhome.mapper.RelationMapper.selectList - ==>  Preparing: SELECT relation_id,user1_id,user2_id,kind FROM relation WHERE (user1_id = ? AND kind = ?)
2023-10-28 15:30:28.562 [http-nio-8080-exec-6] DEBUG org.newhome.mapper.RelationMapper.selectList - ==> Parameters: 14(Integer), 0(Integer)
2023-10-28 15:30:28.570 [http-nio-8080-exec-6] DEBUG org.newhome.mapper.RelationMapper.selectList - <==      Total: 0
2023-10-28 19:05:56.439 [http-nio-8080-exec-7] DEBUG org.newhome.mapper.TagMapper.insert - ==>  Preparing: INSERT INTO tag ( tag_name ) VALUES ( ? )
2023-10-28 19:05:56.456 [http-nio-8080-exec-7] DEBUG org.newhome.mapper.TagMapper.insert - ==> Parameters: (String)
2023-10-28 19:05:56.638 [http-nio-8080-exec-7] DEBUG org.newhome.mapper.TagMapper.insert - <==    Updates: 1
2023-10-28 19:13:09.622 [http-nio-8080-exec-2] DEBUG org.newhome.mapper.RelationMapper.selectList - ==>  Preparing: SELECT relation_id,user1_id,user2_id,kind FROM relation WHERE (user1_id = ? AND user2_id = ? AND kind = ?)
2023-10-28 19:13:09.643 [http-nio-8080-exec-2] DEBUG org.newhome.mapper.RelationMapper.selectList - ==> Parameters: 111(Integer), 333(Integer), 0(Integer)
2023-10-28 19:13:09.667 [http-nio-8080-exec-2] DEBUG org.newhome.mapper.RelationMapper.selectList - <==      Total: 0
2023-10-28 19:19:19.021 [http-nio-8080-exec-10] DEBUG org.newhome.mapper.TagMapper.selectOne - ==>  Preparing: SELECT tag_id,tag_name FROM tag WHERE (tag_id = ?)
2023-10-28 19:19:19.041 [http-nio-8080-exec-10] DEBUG org.newhome.mapper.TagMapper.selectOne - ==> Parameters: 1(Integer)
2023-10-28 19:19:19.063 [http-nio-8080-exec-10] DEBUG org.newhome.mapper.TagMapper.selectOne - <==      Total: 1
2023-10-28 19:22:05.709 [http-nio-8080-exec-3] DEBUG org.newhome.mapper.TagMapper.selectOne - ==>  Preparing: SELECT tag_id,tag_name FROM tag WHERE (tag_name = ?)
2023-10-28 19:22:05.710 [http-nio-8080-exec-3] DEBUG org.newhome.mapper.TagMapper.selectOne - ==> Parameters: 体育(String)
2023-10-28 19:22:05.716 [http-nio-8080-exec-3] DEBUG org.newhome.mapper.TagMapper.selectOne - <==      Total: 0
2023-10-28 19:22:14.623 [http-nio-8080-exec-7] DEBUG org.newhome.mapper.TagMapper.selectOne - ==>  Preparing: SELECT tag_id,tag_name FROM tag WHERE (tag_name = ?)
2023-10-28 19:22:14.624 [http-nio-8080-exec-7] DEBUG org.newhome.mapper.TagMapper.selectOne - ==> Parameters: 学习(String)
2023-10-28 19:22:14.631 [http-nio-8080-exec-7] DEBUG org.newhome.mapper.TagMapper.selectOne - <==      Total: 0
2023-10-28 19:22:16.893 [http-nio-8080-exec-10] DEBUG org.newhome.mapper.TagMapper.selectOne - ==>  Preparing: SELECT tag_id,tag_name FROM tag WHERE (tag_name = ?)
2023-10-28 19:22:16.893 [http-nio-8080-exec-10] DEBUG org.newhome.mapper.TagMapper.selectOne - ==> Parameters: 学习(String)
2023-10-28 19:22:16.901 [http-nio-8080-exec-10] DEBUG org.newhome.mapper.TagMapper.selectOne - <==      Total: 0
2023-10-28 19:22:20.716 [http-nio-8080-exec-9] DEBUG org.newhome.mapper.TagMapper.selectOne - ==>  Preparing: SELECT tag_id,tag_name FROM tag WHERE (tag_name = ?)
2023-10-28 19:22:20.717 [http-nio-8080-exec-9] DEBUG org.newhome.mapper.TagMapper.selectOne - ==> Parameters: 学习(String)
2023-10-28 19:22:20.724 [http-nio-8080-exec-9] DEBUG org.newhome.mapper.TagMapper.selectOne - <==      Total: 0
2023-10-28 19:36:28.637 [http-nio-8080-exec-10] DEBUG org.newhome.mapper.TagMapper.insert - ==>  Preparing: INSERT INTO tag ( tag_name ) VALUES ( ? )
2023-10-28 19:36:28.651 [http-nio-8080-exec-10] DEBUG org.newhome.mapper.TagMapper.insert - ==> Parameters: 学习(String)
2023-10-28 19:36:28.852 [http-nio-8080-exec-10] DEBUG org.newhome.mapper.TagMapper.insert - <==    Updates: 1
2023-10-28 19:36:55.146 [http-nio-8080-exec-4] DEBUG org.newhome.mapper.TagMapper.insert - ==>  Preparing: INSERT INTO tag ( tag_name ) VALUES ( ? )
2023-10-28 19:36:55.146 [http-nio-8080-exec-4] DEBUG org.newhome.mapper.TagMapper.insert - ==> Parameters: 学习(String)
2023-10-28 19:36:55.361 [http-nio-8080-exec-4] DEBUG org.newhome.mapper.TagMapper.insert - <==    Updates: 1
2023-10-28 19:52:52.107 [http-nio-8080-exec-2] DEBUG org.newhome.mapper.TagMapper.selectList - ==>  Preparing: SELECT tag_id,tag_name FROM tag
2023-10-28 19:52:52.121 [http-nio-8080-exec-2] DEBUG org.newhome.mapper.TagMapper.selectList - ==> Parameters: 
2023-10-28 19:52:52.143 [http-nio-8080-exec-2] DEBUG org.newhome.mapper.TagMapper.selectList - <==      Total: 6
2023-10-28 19:53:22.780 [http-nio-8080-exec-5] DEBUG org.newhome.mapper.TagMapper.selectOne - ==>  Preparing: SELECT tag_id,tag_name FROM tag WHERE (tag_id = ?)
2023-10-28 19:53:22.781 [http-nio-8080-exec-5] DEBUG org.newhome.mapper.TagMapper.selectOne - ==> Parameters: 1(Integer)
2023-10-28 19:53:22.788 [http-nio-8080-exec-5] DEBUG org.newhome.mapper.TagMapper.selectOne - <==      Total: 1
2023-10-28 19:53:59.784 [http-nio-8080-exec-10] DEBUG org.newhome.mapper.TagMapper.selectOne - ==>  Preparing: SELECT tag_id,tag_name FROM tag WHERE (tag_id = ?)
2023-10-28 19:53:59.784 [http-nio-8080-exec-10] DEBUG org.newhome.mapper.TagMapper.selectOne - ==> Parameters: 10(Integer)
2023-10-28 19:53:59.792 [http-nio-8080-exec-10] DEBUG org.newhome.mapper.TagMapper.selectOne - <==      Total: 0
2023-10-28 20:18:48.278 [http-nio-8080-exec-4] DEBUG org.newhome.mapper.TagMapper.selectList - ==>  Preparing: SELECT tag_id,tag_name FROM tag
2023-10-28 20:18:48.290 [http-nio-8080-exec-4] DEBUG org.newhome.mapper.TagMapper.selectList - ==> Parameters: 
2023-10-28 20:18:48.309 [http-nio-8080-exec-4] DEBUG org.newhome.mapper.TagMapper.selectList - <==      Total: 6
2023-10-28 20:18:56.697 [http-nio-8080-exec-7] DEBUG org.newhome.mapper.TagMapper.selectOne - ==>  Preparing: SELECT tag_id,tag_name FROM tag WHERE (tag_id = ?)
2023-10-28 20:18:56.698 [http-nio-8080-exec-7] DEBUG org.newhome.mapper.TagMapper.selectOne - ==> Parameters: 2(Integer)
2023-10-28 20:18:56.705 [http-nio-8080-exec-7] DEBUG org.newhome.mapper.TagMapper.selectOne - <==      Total: 1
2023-10-28 20:28:02.763 [http-nio-8080-exec-6] DEBUG org.newhome.mapper.TagMapper.selectList - ==>  Preparing: SELECT tag_id,tag_name FROM tag
2023-10-28 20:28:02.778 [http-nio-8080-exec-6] DEBUG org.newhome.mapper.TagMapper.selectList - ==> Parameters: 
2023-10-28 20:28:02.799 [http-nio-8080-exec-6] DEBUG org.newhome.mapper.TagMapper.selectList - <==      Total: 6
2023-10-28 20:28:15.029 [http-nio-8080-exec-4] DEBUG org.newhome.mapper.TagMapper.selectOne - ==>  Preparing: SELECT tag_id,tag_name FROM tag WHERE (tag_id = ?)
2023-10-28 20:28:15.030 [http-nio-8080-exec-4] DEBUG org.newhome.mapper.TagMapper.selectOne - ==> Parameters: 25(Integer)
2023-10-28 20:28:15.038 [http-nio-8080-exec-4] DEBUG org.newhome.mapper.TagMapper.selectOne - <==      Total: 0
2023-10-28 21:38:43.007 [http-nio-8080-exec-3] DEBUG org.newhome.mapper.VideoMapper.selectOne - ==>  Preparing: SELECT video_id,video_name,user_id,create_time,pageshot,like_num,star_num,share_num,video_path,introduction FROM video WHERE (video_id = ?)
2023-10-28 21:38:43.023 [http-nio-8080-exec-3] DEBUG org.newhome.mapper.VideoMapper.selectOne - ==> Parameters: 1(Integer)
2023-10-28 21:38:43.043 [http-nio-8080-exec-3] DEBUG org.newhome.mapper.VideoMapper.selectOne - <==      Total: 1
2023-10-28 21:38:43.049 [http-nio-8080-exec-3] DEBUG org.newhome.mapper.TagMapper.selectOne - ==>  Preparing: SELECT tag_id,tag_name FROM tag WHERE (tag_id = ?)
2023-10-28 21:38:43.049 [http-nio-8080-exec-3] DEBUG org.newhome.mapper.TagMapper.selectOne - ==> Parameters: 2(Integer)
2023-10-28 21:38:43.055 [http-nio-8080-exec-3] DEBUG org.newhome.mapper.TagMapper.selectOne - <==      Total: 1
2023-10-28 21:38:43.061 [http-nio-8080-exec-3] DEBUG org.newhome.mapper.TagrecordMapper.insert - ==>  Preparing: INSERT INTO tagrecord ( tag_id, video_id ) VALUES ( ?, ? )
2023-10-28 21:38:43.061 [http-nio-8080-exec-3] DEBUG org.newhome.mapper.TagrecordMapper.insert - ==> Parameters: 2(Integer), 1(Integer)
2023-10-28 21:38:43.237 [http-nio-8080-exec-3] DEBUG org.newhome.mapper.TagrecordMapper.insert - <==    Updates: 1
2023-10-28 21:43:30.639 [http-nio-8080-exec-7] DEBUG org.newhome.mapper.VideoMapper.selectOne - ==>  Preparing: SELECT video_id,video_name,user_id,create_time,pageshot,like_num,star_num,share_num,video_path,introduction FROM video WHERE (video_id = ?)
2023-10-28 21:43:30.640 [http-nio-8080-exec-7] DEBUG org.newhome.mapper.VideoMapper.selectOne - ==> Parameters: 10(Integer)
2023-10-28 21:43:30.647 [http-nio-8080-exec-7] DEBUG org.newhome.mapper.VideoMapper.selectOne - <==      Total: 0
2023-10-28 21:43:30.649 [http-nio-8080-exec-7] DEBUG org.newhome.mapper.TagMapper.selectOne - ==>  Preparing: SELECT tag_id,tag_name FROM tag WHERE (tag_id = ?)
2023-10-28 21:43:30.649 [http-nio-8080-exec-7] DEBUG org.newhome.mapper.TagMapper.selectOne - ==> Parameters: 2(Integer)
2023-10-28 21:43:30.656 [http-nio-8080-exec-7] DEBUG org.newhome.mapper.TagMapper.selectOne - <==      Total: 1
2023-10-28 21:43:38.129 [http-nio-8080-exec-5] DEBUG org.newhome.mapper.VideoMapper.selectOne - ==>  Preparing: SELECT video_id,video_name,user_id,create_time,pageshot,like_num,star_num,share_num,video_path,introduction FROM video WHERE (video_id = ?)
2023-10-28 21:43:38.131 [http-nio-8080-exec-5] DEBUG org.newhome.mapper.VideoMapper.selectOne - ==> Parameters: 1(Integer)
2023-10-28 21:43:38.136 [http-nio-8080-exec-5] DEBUG org.newhome.mapper.VideoMapper.selectOne - <==      Total: 1
2023-10-28 21:43:38.139 [http-nio-8080-exec-5] DEBUG org.newhome.mapper.TagMapper.selectOne - ==>  Preparing: SELECT tag_id,tag_name FROM tag WHERE (tag_id = ?)
2023-10-28 21:43:38.139 [http-nio-8080-exec-5] DEBUG org.newhome.mapper.TagMapper.selectOne - ==> Parameters: 20(Integer)
2023-10-28 21:43:38.146 [http-nio-8080-exec-5] DEBUG org.newhome.mapper.TagMapper.selectOne - <==      Total: 0
2023-10-28 21:58:44.501 [http-nio-8080-exec-6] DEBUG org.newhome.mapper.VideoMapper.selectOne - ==>  Preparing: SELECT video_id,video_name,user_id,create_time,pageshot,like_num,star_num,share_num,video_path,introduction FROM video WHERE (video_id = ?)
2023-10-28 21:58:44.519 [http-nio-8080-exec-6] DEBUG org.newhome.mapper.VideoMapper.selectOne - ==> Parameters: 10(Integer)
2023-10-28 21:58:44.541 [http-nio-8080-exec-6] DEBUG org.newhome.mapper.VideoMapper.selectOne - <==      Total: 0
2023-10-28 21:58:44.549 [http-nio-8080-exec-6] DEBUG org.newhome.mapper.TagMapper.selectOne - ==>  Preparing: SELECT tag_id,tag_name FROM tag WHERE (tag_id = ?)
2023-10-28 21:58:44.549 [http-nio-8080-exec-6] DEBUG org.newhome.mapper.TagMapper.selectOne - ==> Parameters: 1(Integer)
2023-10-28 21:58:44.559 [http-nio-8080-exec-6] DEBUG org.newhome.mapper.TagMapper.selectOne - <==      Total: 1
2023-10-28 21:58:50.316 [http-nio-8080-exec-2] DEBUG org.newhome.mapper.VideoMapper.selectOne - ==>  Preparing: SELECT video_id,video_name,user_id,create_time,pageshot,like_num,star_num,share_num,video_path,introduction FROM video WHERE (video_id = ?)
2023-10-28 21:58:50.317 [http-nio-8080-exec-2] DEBUG org.newhome.mapper.VideoMapper.selectOne - ==> Parameters: 1(Integer)
2023-10-28 21:58:50.325 [http-nio-8080-exec-2] DEBUG org.newhome.mapper.VideoMapper.selectOne - <==      Total: 1
2023-10-28 21:58:50.327 [http-nio-8080-exec-2] DEBUG org.newhome.mapper.TagMapper.selectOne - ==>  Preparing: SELECT tag_id,tag_name FROM tag WHERE (tag_id = ?)
2023-10-28 21:58:50.327 [http-nio-8080-exec-2] DEBUG org.newhome.mapper.TagMapper.selectOne - ==> Parameters: 1(Integer)
2023-10-28 21:58:50.337 [http-nio-8080-exec-2] DEBUG org.newhome.mapper.TagMapper.selectOne - <==      Total: 1
2023-10-28 21:58:50.346 [http-nio-8080-exec-2] DEBUG org.newhome.mapper.TagrecordMapper.delete - ==>  Preparing: DELETE FROM tagrecord WHERE (video_id = ? AND tag_id = ?)
2023-10-28 21:58:50.346 [http-nio-8080-exec-2] DEBUG org.newhome.mapper.TagrecordMapper.delete - ==> Parameters: 1(Integer), 1(Integer)
2023-10-28 21:58:50.361 [http-nio-8080-exec-2] DEBUG org.newhome.mapper.TagrecordMapper.delete - <==    Updates: 0
2023-10-28 22:00:50.907 [http-nio-8080-exec-5] DEBUG org.newhome.mapper.VideoMapper.selectOne - ==>  Preparing: SELECT video_id,video_name,user_id,create_time,pageshot,like_num,star_num,share_num,video_path,introduction FROM video WHERE (video_id = ?)
2023-10-28 22:00:50.907 [http-nio-8080-exec-5] DEBUG org.newhome.mapper.VideoMapper.selectOne - ==> Parameters: 1(Integer)
2023-10-28 22:00:50.915 [http-nio-8080-exec-5] DEBUG org.newhome.mapper.VideoMapper.selectOne - <==      Total: 1
2023-10-28 22:00:50.921 [http-nio-8080-exec-5] DEBUG org.newhome.mapper.TagMapper.selectOne - ==>  Preparing: SELECT tag_id,tag_name FROM tag WHERE (tag_id = ?)
2023-10-28 22:00:50.922 [http-nio-8080-exec-5] DEBUG org.newhome.mapper.TagMapper.selectOne - ==> Parameters: 2(Integer)
2023-10-28 22:00:50.930 [http-nio-8080-exec-5] DEBUG org.newhome.mapper.TagMapper.selectOne - <==      Total: 1
2023-10-28 22:00:50.936 [http-nio-8080-exec-5] DEBUG org.newhome.mapper.TagrecordMapper.delete - ==>  Preparing: DELETE FROM tagrecord WHERE (video_id = ? AND tag_id = ?)
2023-10-28 22:00:50.936 [http-nio-8080-exec-5] DEBUG org.newhome.mapper.TagrecordMapper.delete - ==> Parameters: 1(Integer), 2(Integer)
2023-10-28 22:00:51.124 [http-nio-8080-exec-5] DEBUG org.newhome.mapper.TagrecordMapper.delete - <==    Updates: 1
2023-10-28 22:00:55.108 [http-nio-8080-exec-4] DEBUG org.newhome.mapper.VideoMapper.selectOne - ==>  Preparing: SELECT video_id,video_name,user_id,create_time,pageshot,like_num,star_num,share_num,video_path,introduction FROM video WHERE (video_id = ?)
2023-10-28 22:00:55.109 [http-nio-8080-exec-4] DEBUG org.newhome.mapper.VideoMapper.selectOne - ==> Parameters: 1(Integer)
2023-10-28 22:00:55.116 [http-nio-8080-exec-4] DEBUG org.newhome.mapper.VideoMapper.selectOne - <==      Total: 1
2023-10-28 22:00:55.117 [http-nio-8080-exec-4] DEBUG org.newhome.mapper.TagMapper.selectOne - ==>  Preparing: SELECT tag_id,tag_name FROM tag WHERE (tag_id = ?)
2023-10-28 22:00:55.119 [http-nio-8080-exec-4] DEBUG org.newhome.mapper.TagMapper.selectOne - ==> Parameters: 4(Integer)
2023-10-28 22:00:55.126 [http-nio-8080-exec-4] DEBUG org.newhome.mapper.TagMapper.selectOne - <==      Total: 1
2023-10-28 22:00:55.127 [http-nio-8080-exec-4] DEBUG org.newhome.mapper.TagrecordMapper.delete - ==>  Preparing: DELETE FROM tagrecord WHERE (video_id = ? AND tag_id = ?)
2023-10-28 22:00:55.128 [http-nio-8080-exec-4] DEBUG org.newhome.mapper.TagrecordMapper.delete - ==> Parameters: 1(Integer), 4(Integer)
2023-10-28 22:00:55.140 [http-nio-8080-exec-4] DEBUG org.newhome.mapper.TagrecordMapper.delete - <==    Updates: 0
2023-10-28 22:00:58.922 [http-nio-8080-exec-8] DEBUG org.newhome.mapper.VideoMapper.selectOne - ==>  Preparing: SELECT video_id,video_name,user_id,create_time,pageshot,like_num,star_num,share_num,video_path,introduction FROM video WHERE (video_id = ?)
2023-10-28 22:00:58.922 [http-nio-8080-exec-8] DEBUG org.newhome.mapper.VideoMapper.selectOne - ==> Parameters: 1(Integer)
2023-10-28 22:00:58.931 [http-nio-8080-exec-8] DEBUG org.newhome.mapper.VideoMapper.selectOne - <==      Total: 1
2023-10-28 22:00:58.932 [http-nio-8080-exec-8] DEBUG org.newhome.mapper.TagMapper.selectOne - ==>  Preparing: SELECT tag_id,tag_name FROM tag WHERE (tag_id = ?)
2023-10-28 22:00:58.932 [http-nio-8080-exec-8] DEBUG org.newhome.mapper.TagMapper.selectOne - ==> Parameters: 7(Integer)
2023-10-28 22:00:58.940 [http-nio-8080-exec-8] DEBUG org.newhome.mapper.TagMapper.selectOne - <==      Total: 0
2023-10-28 22:11:40.952 [http-nio-8080-exec-4] DEBUG org.newhome.mapper.VideoMapper.selectOne - ==>  Preparing: SELECT video_id,video_name,user_id,create_time,pageshot,like_num,star_num,share_num,video_path,introduction FROM video WHERE (video_id = ?)
2023-10-28 22:11:40.971 [http-nio-8080-exec-4] DEBUG org.newhome.mapper.VideoMapper.selectOne - ==> Parameters: 1(Integer)
2023-10-28 22:11:40.992 [http-nio-8080-exec-4] DEBUG org.newhome.mapper.VideoMapper.selectOne - <==      Total: 1
2023-10-28 22:11:41.001 [http-nio-8080-exec-4] DEBUG org.newhome.mapper.TagrecordMapper.selectList - ==>  Preparing: SELECT record_id,tag_id,video_id FROM tagrecord WHERE (video_id = ?)
2023-10-28 22:11:41.002 [http-nio-8080-exec-4] DEBUG org.newhome.mapper.TagrecordMapper.selectList - ==> Parameters: 1(Integer)
2023-10-28 22:11:41.009 [http-nio-8080-exec-4] DEBUG org.newhome.mapper.TagrecordMapper.selectList - <==      Total: 3
2023-10-28 22:12:05.274 [http-nio-8080-exec-2] DEBUG org.newhome.mapper.VideoMapper.selectOne - ==>  Preparing: SELECT video_id,video_name,user_id,create_time,pageshot,like_num,star_num,share_num,video_path,introduction FROM video WHERE (video_id = ?)
2023-10-28 22:12:05.274 [http-nio-8080-exec-2] DEBUG org.newhome.mapper.VideoMapper.selectOne - ==> Parameters: 2(Integer)
2023-10-28 22:12:05.281 [http-nio-8080-exec-2] DEBUG org.newhome.mapper.VideoMapper.selectOne - <==      Total: 0
2023-10-28 22:12:19.756 [http-nio-8080-exec-7] DEBUG org.newhome.mapper.VideoMapper.selectOne - ==>  Preparing: SELECT video_id,video_name,user_id,create_time,pageshot,like_num,star_num,share_num,video_path,introduction FROM video WHERE (video_id = ?)
2023-10-28 22:12:19.757 [http-nio-8080-exec-7] DEBUG org.newhome.mapper.VideoMapper.selectOne - ==> Parameters: 2(Integer)
2023-10-28 22:12:19.765 [http-nio-8080-exec-7] DEBUG org.newhome.mapper.VideoMapper.selectOne - <==      Total: 0
2023-10-28 22:12:36.546 [http-nio-8080-exec-9] DEBUG org.newhome.mapper.VideoMapper.selectOne - ==>  Preparing: SELECT video_id,video_name,user_id,create_time,pageshot,like_num,star_num,share_num,video_path,introduction FROM video WHERE (video_id = ?)
2023-10-28 22:12:36.546 [http-nio-8080-exec-9] DEBUG org.newhome.mapper.VideoMapper.selectOne - ==> Parameters: 2(Integer)
2023-10-28 22:12:36.554 [http-nio-8080-exec-9] DEBUG org.newhome.mapper.VideoMapper.selectOne - <==      Total: 0
2023-10-28 22:12:51.499 [http-nio-8080-exec-2] DEBUG org.newhome.mapper.VideoMapper.selectOne - ==>  Preparing: SELECT video_id,video_name,user_id,create_time,pageshot,like_num,star_num,share_num,video_path,introduction FROM video WHERE (video_id = ?)
2023-10-28 22:12:51.500 [http-nio-8080-exec-2] DEBUG org.newhome.mapper.VideoMapper.selectOne - ==> Parameters: 1(Integer)
2023-10-28 22:12:51.507 [http-nio-8080-exec-2] DEBUG org.newhome.mapper.VideoMapper.selectOne - <==      Total: 1
2023-10-28 22:12:51.509 [http-nio-8080-exec-2] DEBUG org.newhome.mapper.TagrecordMapper.selectList - ==>  Preparing: SELECT record_id,tag_id,video_id FROM tagrecord WHERE (video_id = ?)
2023-10-28 22:12:51.509 [http-nio-8080-exec-2] DEBUG org.newhome.mapper.TagrecordMapper.selectList - ==> Parameters: 1(Integer)
2023-10-28 22:12:51.517 [http-nio-8080-exec-2] DEBUG org.newhome.mapper.TagrecordMapper.selectList - <==      Total: 3
2023-10-28 22:12:58.636 [http-nio-8080-exec-3] DEBUG org.newhome.mapper.VideoMapper.selectOne - ==>  Preparing: SELECT video_id,video_name,user_id,create_time,pageshot,like_num,star_num,share_num,video_path,introduction FROM video WHERE (video_id = ?)
2023-10-28 22:12:58.637 [http-nio-8080-exec-3] DEBUG org.newhome.mapper.VideoMapper.selectOne - ==> Parameters: 2(Integer)
2023-10-28 22:12:58.644 [http-nio-8080-exec-3] DEBUG org.newhome.mapper.VideoMapper.selectOne - <==      Total: 0
2023-10-28 22:13:56.174 [http-nio-8080-exec-5] DEBUG org.newhome.mapper.VideoMapper.selectOne - ==>  Preparing: SELECT video_id,video_name,user_id,create_time,pageshot,like_num,star_num,share_num,video_path,introduction FROM video WHERE (video_id = ?)
2023-10-28 22:13:56.186 [http-nio-8080-exec-5] DEBUG org.newhome.mapper.VideoMapper.selectOne - ==> Parameters: 2(Integer)
2023-10-28 22:13:56.204 [http-nio-8080-exec-5] DEBUG org.newhome.mapper.VideoMapper.selectOne - <==      Total: 0
2023-10-28 22:15:06.644 [http-nio-8080-exec-10] DEBUG org.newhome.mapper.VideoMapper.selectOne - ==>  Preparing: SELECT video_id,video_name,user_id,create_time,pageshot,like_num,star_num,share_num,video_path,introduction FROM video WHERE (video_id = ?)
2023-10-28 22:15:06.645 [http-nio-8080-exec-10] DEBUG org.newhome.mapper.VideoMapper.selectOne - ==> Parameters: 2(Integer)
2023-10-28 22:15:06.656 [http-nio-8080-exec-10] DEBUG org.newhome.mapper.VideoMapper.selectOne - <==      Total: 1
2023-10-28 22:15:06.663 [http-nio-8080-exec-10] DEBUG org.newhome.mapper.TagrecordMapper.selectList - ==>  Preparing: SELECT record_id,tag_id,video_id FROM tagrecord WHERE (video_id = ?)
2023-10-28 22:15:06.663 [http-nio-8080-exec-10] DEBUG org.newhome.mapper.TagrecordMapper.selectList - ==> Parameters: 2(Integer)
2023-10-28 22:15:06.672 [http-nio-8080-exec-10] DEBUG org.newhome.mapper.TagrecordMapper.selectList - <==      Total: 2
2023-10-28 22:15:11.955 [http-nio-8080-exec-1] DEBUG org.newhome.mapper.VideoMapper.selectOne - ==>  Preparing: SELECT video_id,video_name,user_id,create_time,pageshot,like_num,star_num,share_num,video_path,introduction FROM video WHERE (video_id = ?)
2023-10-28 22:15:11.956 [http-nio-8080-exec-1] DEBUG org.newhome.mapper.VideoMapper.selectOne - ==> Parameters: 3(Integer)
2023-10-28 22:15:11.963 [http-nio-8080-exec-1] DEBUG org.newhome.mapper.VideoMapper.selectOne - <==      Total: 0
