2023-10-25 16:33:31.659 [restartedMain] INFO  org.newhome.VideoApplication - Starting VideoApplication using Java 1.8.0_381 on wangjia with PID 3616 (D:\ideaProjects\videoPlayerBackEnd\target\classes started by joywj in D:\ideaProjects\videoPlayerBackEnd)
2023-10-25 16:33:31.662 [restartedMain] INFO  org.newhome.VideoApplication - No active profile set, falling back to default profiles: default
2023-10-25 16:33:31.716 [restartedMain] INFO  o.s.b.d.env.DevToolsPropertyDefaultsPostProcessor - Devtools property defaults active! Set 'spring.devtools.add-properties' to 'false' to disable
2023-10-25 16:33:31.717 [restartedMain] INFO  o.s.b.d.env.DevToolsPropertyDefaultsPostProcessor - For additional web related logging consider setting the 'logging.level.web' property to 'DEBUG'
2023-10-25 16:33:31.909 [restartedMain] INFO  o.s.b.a.l.ConditionEvaluationReportLoggingListener - 

Error starting ApplicationContext. To display the conditions report re-run your application with 'debug' enabled.
2023-10-25 16:34:20.730 [restartedMain] INFO  org.newhome.VideoApplication - Starting VideoApplication using Java 1.8.0_381 on wangjia with PID 105144 (D:\ideaProjects\videoPlayerBackEnd\target\classes started by joywj in D:\ideaProjects\videoPlayerBackEnd)
2023-10-25 16:34:20.732 [restartedMain] INFO  org.newhome.VideoApplication - No active profile set, falling back to default profiles: default
2023-10-25 16:34:20.770 [restartedMain] INFO  o.s.b.d.env.DevToolsPropertyDefaultsPostProcessor - Devtools property defaults active! Set 'spring.devtools.add-properties' to 'false' to disable
2023-10-25 16:34:20.770 [restartedMain] INFO  o.s.b.d.env.DevToolsPropertyDefaultsPostProcessor - For additional web related logging consider setting the 'logging.level.web' property to 'DEBUG'
2023-10-25 16:34:21.856 [restartedMain] INFO  o.s.boot.web.embedded.tomcat.TomcatWebServer - Tomcat initialized with port(s): 8888 (http)
2023-10-25 16:34:21.863 [restartedMain] INFO  org.apache.coyote.http11.Http11NioProtocol - Initializing ProtocolHandler ["http-nio-8888"]
2023-10-25 16:34:21.863 [restartedMain] INFO  org.apache.catalina.core.StandardService - Starting service [Tomcat]
2023-10-25 16:34:21.864 [restartedMain] INFO  org.apache.catalina.core.StandardEngine - Starting Servlet engine: [Apache Tomcat/9.0.41]
2023-10-25 16:34:21.926 [restartedMain] INFO  o.a.c.core.ContainerBase.[Tomcat].[localhost].[/] - Initializing Spring embedded WebApplicationContext
2023-10-25 16:34:21.927 [restartedMain] INFO  o.s.b.w.s.c.ServletWebServerApplicationContext - Root WebApplicationContext: initialization completed in 1155 ms
2023-10-25 16:34:23.128 [restartedMain] INFO  s.d.s.w.WebMvcPropertySourcedRequestMappingHandlerMapping - Mapped URL path [/v2/api-docs] onto method [springfox.documentation.swagger2.web.Swagger2ControllerWebMvc#getDocumentation(String, HttpServletRequest)]
2023-10-25 16:34:23.193 [restartedMain] INFO  o.s.scheduling.concurrent.ThreadPoolTaskExecutor - Initializing ExecutorService 'applicationTaskExecutor'
2023-10-25 16:34:23.219 [restartedMain] INFO  o.s.b.d.autoconfigure.OptionalLiveReloadServer - LiveReload server is running on port 35729
2023-10-25 16:34:23.287 [restartedMain] INFO  o.s.scheduling.concurrent.ThreadPoolTaskScheduler - Initializing ExecutorService 'taskScheduler'
2023-10-25 16:34:23.341 [restartedMain] INFO  org.apache.coyote.http11.Http11NioProtocol - Starting ProtocolHandler ["http-nio-8888"]
2023-10-25 16:34:23.359 [restartedMain] INFO  o.s.boot.web.embedded.tomcat.TomcatWebServer - Tomcat started on port(s): 8888 (http) with context path ''
2023-10-25 16:34:23.360 [restartedMain] INFO  s.d.s.web.plugins.DocumentationPluginsBootstrapper - Documentation plugins bootstrapped
2023-10-25 16:34:23.362 [restartedMain] INFO  s.d.s.web.plugins.DocumentationPluginsBootstrapper - Found 1 custom documentation plugin(s)
2023-10-25 16:34:23.386 [restartedMain] INFO  s.d.spring.web.scanners.ApiListingReferenceScanner - Scanning for api listing references
2023-10-25 16:34:23.402 [restartedMain] INFO  org.newhome.VideoApplication - Started VideoApplication in 3.073 seconds (JVM running for 3.875)
2023-10-25 16:34:35.574 [SpringContextShutdownHook] INFO  o.s.scheduling.concurrent.ThreadPoolTaskScheduler - Shutting down ExecutorService 'taskScheduler'
2023-10-25 16:34:35.575 [SpringContextShutdownHook] INFO  o.s.scheduling.concurrent.ThreadPoolTaskExecutor - Shutting down ExecutorService 'applicationTaskExecutor'
2023-10-25 17:26:03.029 [restartedMain] INFO  org.newhome.VideoApplication - Starting VideoApplication using Java 1.8.0_381 on wangjia with PID 9984 (D:\ideaProjects\videoPlayerBackEnd\target\classes started by joywj in D:\ideaProjects\videoPlayerBackEnd)
2023-10-25 17:26:03.032 [restartedMain] INFO  org.newhome.VideoApplication - No active profile set, falling back to default profiles: default
2023-10-25 17:26:03.073 [restartedMain] INFO  o.s.b.d.env.DevToolsPropertyDefaultsPostProcessor - Devtools property defaults active! Set 'spring.devtools.add-properties' to 'false' to disable
2023-10-25 17:26:03.073 [restartedMain] INFO  o.s.b.d.env.DevToolsPropertyDefaultsPostProcessor - For additional web related logging consider setting the 'logging.level.web' property to 'DEBUG'
2023-10-25 17:26:04.202 [restartedMain] INFO  o.s.boot.web.embedded.tomcat.TomcatWebServer - Tomcat initialized with port(s): 8888 (http)
2023-10-25 17:26:04.210 [restartedMain] INFO  org.apache.coyote.http11.Http11NioProtocol - Initializing ProtocolHandler ["http-nio-8888"]
2023-10-25 17:26:04.211 [restartedMain] INFO  org.apache.catalina.core.StandardService - Starting service [Tomcat]
2023-10-25 17:26:04.211 [restartedMain] INFO  org.apache.catalina.core.StandardEngine - Starting Servlet engine: [Apache Tomcat/9.0.41]
2023-10-25 17:26:04.302 [restartedMain] INFO  o.a.c.core.ContainerBase.[Tomcat].[localhost].[/] - Initializing Spring embedded WebApplicationContext
2023-10-25 17:26:04.302 [restartedMain] INFO  o.s.b.w.s.c.ServletWebServerApplicationContext - Root WebApplicationContext: initialization completed in 1228 ms
2023-10-25 17:26:05.634 [restartedMain] INFO  s.d.s.w.WebMvcPropertySourcedRequestMappingHandlerMapping - Mapped URL path [/v2/api-docs] onto method [springfox.documentation.swagger2.web.Swagger2ControllerWebMvc#getDocumentation(String, HttpServletRequest)]
2023-10-25 17:26:05.703 [restartedMain] INFO  o.s.scheduling.concurrent.ThreadPoolTaskExecutor - Initializing ExecutorService 'applicationTaskExecutor'
2023-10-25 17:26:05.732 [restartedMain] INFO  o.s.b.d.autoconfigure.OptionalLiveReloadServer - LiveReload server is running on port 35729
2023-10-25 17:26:05.814 [restartedMain] INFO  o.s.scheduling.concurrent.ThreadPoolTaskScheduler - Initializing ExecutorService 'taskScheduler'
2023-10-25 17:26:05.886 [restartedMain] INFO  org.apache.coyote.http11.Http11NioProtocol - Starting ProtocolHandler ["http-nio-8888"]
2023-10-25 17:26:05.902 [restartedMain] INFO  o.s.boot.web.embedded.tomcat.TomcatWebServer - Tomcat started on port(s): 8888 (http) with context path ''
2023-10-25 17:26:05.903 [restartedMain] INFO  s.d.s.web.plugins.DocumentationPluginsBootstrapper - Documentation plugins bootstrapped
2023-10-25 17:26:05.906 [restartedMain] INFO  s.d.s.web.plugins.DocumentationPluginsBootstrapper - Found 1 custom documentation plugin(s)
2023-10-25 17:26:05.926 [restartedMain] INFO  s.d.spring.web.scanners.ApiListingReferenceScanner - Scanning for api listing references
2023-10-25 17:26:06.039 [restartedMain] INFO  org.newhome.VideoApplication - Started VideoApplication in 3.418 seconds (JVM running for 4.227)
2023-10-25 17:28:48.299 [Thread-5] INFO  o.s.scheduling.concurrent.ThreadPoolTaskScheduler - Shutting down ExecutorService 'taskScheduler'
2023-10-25 17:28:48.300 [Thread-5] INFO  o.s.scheduling.concurrent.ThreadPoolTaskExecutor - Shutting down ExecutorService 'applicationTaskExecutor'
2023-10-25 17:28:48.452 [restartedMain] INFO  org.newhome.VideoApplication - Starting VideoApplication using Java 1.8.0_381 on wangjia with PID 9984 (D:\ideaProjects\videoPlayerBackEnd\target\classes started by joywj in D:\ideaProjects\videoPlayerBackEnd)
2023-10-25 17:28:48.452 [restartedMain] INFO  org.newhome.VideoApplication - No active profile set, falling back to default profiles: default
2023-10-25 17:28:48.731 [restartedMain] INFO  o.s.boot.web.embedded.tomcat.TomcatWebServer - Tomcat initialized with port(s): 8888 (http)
2023-10-25 17:28:48.732 [restartedMain] INFO  org.apache.coyote.http11.Http11NioProtocol - Initializing ProtocolHandler ["http-nio-8888"]
2023-10-25 17:28:48.732 [restartedMain] INFO  org.apache.catalina.core.StandardService - Starting service [Tomcat]
2023-10-25 17:28:48.732 [restartedMain] INFO  org.apache.catalina.core.StandardEngine - Starting Servlet engine: [Apache Tomcat/9.0.41]
2023-10-25 17:28:48.751 [restartedMain] INFO  o.a.c.core.ContainerBase.[Tomcat].[localhost].[/] - Initializing Spring embedded WebApplicationContext
2023-10-25 17:28:48.751 [restartedMain] INFO  o.s.b.w.s.c.ServletWebServerApplicationContext - Root WebApplicationContext: initialization completed in 297 ms
2023-10-25 17:28:49.249 [restartedMain] INFO  s.d.s.w.WebMvcPropertySourcedRequestMappingHandlerMapping - Mapped URL path [/v2/api-docs] onto method [springfox.documentation.swagger2.web.Swagger2ControllerWebMvc#getDocumentation(String, HttpServletRequest)]
2023-10-25 17:28:49.268 [restartedMain] INFO  o.s.scheduling.concurrent.ThreadPoolTaskExecutor - Initializing ExecutorService 'applicationTaskExecutor'
2023-10-25 17:28:49.274 [restartedMain] INFO  o.s.b.d.autoconfigure.OptionalLiveReloadServer - LiveReload server is running on port 35729
2023-10-25 17:28:49.299 [restartedMain] INFO  o.s.scheduling.concurrent.ThreadPoolTaskScheduler - Initializing ExecutorService 'taskScheduler'
2023-10-25 17:28:49.315 [restartedMain] INFO  org.apache.coyote.http11.Http11NioProtocol - Starting ProtocolHandler ["http-nio-8888"]
2023-10-25 17:28:49.318 [restartedMain] INFO  o.s.boot.web.embedded.tomcat.TomcatWebServer - Tomcat started on port(s): 8888 (http) with context path ''
2023-10-25 17:28:49.319 [restartedMain] INFO  s.d.s.web.plugins.DocumentationPluginsBootstrapper - Documentation plugins bootstrapped
2023-10-25 17:28:49.320 [restartedMain] INFO  s.d.s.web.plugins.DocumentationPluginsBootstrapper - Found 1 custom documentation plugin(s)
2023-10-25 17:28:49.324 [restartedMain] INFO  s.d.spring.web.scanners.ApiListingReferenceScanner - Scanning for api listing references
2023-10-25 17:28:49.343 [restartedMain] INFO  org.newhome.VideoApplication - Started VideoApplication in 0.93 seconds (JVM running for 167.532)
2023-10-25 17:28:49.345 [restartedMain] INFO  o.s.b.d.a.ConditionEvaluationDeltaLoggingListener - Condition evaluation unchanged
2023-10-25 17:29:17.789 [Thread-9] INFO  o.s.scheduling.concurrent.ThreadPoolTaskScheduler - Shutting down ExecutorService 'taskScheduler'
2023-10-25 17:29:17.792 [Thread-9] INFO  o.s.scheduling.concurrent.ThreadPoolTaskExecutor - Shutting down ExecutorService 'applicationTaskExecutor'
2023-10-25 17:29:18.055 [restartedMain] INFO  org.newhome.VideoApplication - Starting VideoApplication using Java 1.8.0_381 on wangjia with PID 9984 (D:\ideaProjects\videoPlayerBackEnd\target\classes started by joywj in D:\ideaProjects\videoPlayerBackEnd)
2023-10-25 17:29:18.055 [restartedMain] INFO  org.newhome.VideoApplication - No active profile set, falling back to default profiles: default
2023-10-25 17:29:18.432 [restartedMain] INFO  o.s.boot.web.embedded.tomcat.TomcatWebServer - Tomcat initialized with port(s): 8888 (http)
2023-10-25 17:29:18.433 [restartedMain] INFO  org.apache.coyote.http11.Http11NioProtocol - Initializing ProtocolHandler ["http-nio-8888"]
2023-10-25 17:29:18.433 [restartedMain] INFO  org.apache.catalina.core.StandardService - Starting service [Tomcat]
2023-10-25 17:29:18.433 [restartedMain] INFO  org.apache.catalina.core.StandardEngine - Starting Servlet engine: [Apache Tomcat/9.0.41]
2023-10-25 17:29:18.452 [restartedMain] INFO  o.a.c.core.ContainerBase.[Tomcat].[localhost].[/] - Initializing Spring embedded WebApplicationContext
2023-10-25 17:29:18.452 [restartedMain] INFO  o.s.b.w.s.c.ServletWebServerApplicationContext - Root WebApplicationContext: initialization completed in 390 ms
2023-10-25 17:29:18.864 [restartedMain] INFO  s.d.s.w.WebMvcPropertySourcedRequestMappingHandlerMapping - Mapped URL path [/v2/api-docs] onto method [springfox.documentation.swagger2.web.Swagger2ControllerWebMvc#getDocumentation(String, HttpServletRequest)]
2023-10-25 17:29:18.884 [restartedMain] INFO  o.s.scheduling.concurrent.ThreadPoolTaskExecutor - Initializing ExecutorService 'applicationTaskExecutor'
2023-10-25 17:29:18.890 [restartedMain] INFO  o.s.b.d.autoconfigure.OptionalLiveReloadServer - LiveReload server is running on port 35729
2023-10-25 17:29:18.916 [restartedMain] INFO  o.s.scheduling.concurrent.ThreadPoolTaskScheduler - Initializing ExecutorService 'taskScheduler'
2023-10-25 17:29:18.930 [restartedMain] INFO  org.apache.coyote.http11.Http11NioProtocol - Starting ProtocolHandler ["http-nio-8888"]
2023-10-25 17:29:18.933 [restartedMain] INFO  o.s.boot.web.embedded.tomcat.TomcatWebServer - Tomcat started on port(s): 8888 (http) with context path ''
2023-10-25 17:29:18.934 [restartedMain] INFO  s.d.s.web.plugins.DocumentationPluginsBootstrapper - Documentation plugins bootstrapped
2023-10-25 17:29:18.934 [restartedMain] INFO  s.d.s.web.plugins.DocumentationPluginsBootstrapper - Found 1 custom documentation plugin(s)
2023-10-25 17:29:18.938 [restartedMain] INFO  s.d.spring.web.scanners.ApiListingReferenceScanner - Scanning for api listing references
2023-10-25 17:29:18.958 [restartedMain] INFO  org.newhome.VideoApplication - Started VideoApplication in 0.981 seconds (JVM running for 197.147)
2023-10-25 17:29:18.959 [restartedMain] INFO  o.s.b.d.a.ConditionEvaluationDeltaLoggingListener - Condition evaluation unchanged
2023-10-25 17:29:24.887 [http-nio-8888-exec-2] INFO  o.a.c.core.ContainerBase.[Tomcat].[localhost].[/] - Initializing Spring DispatcherServlet 'dispatcherServlet'
2023-10-25 17:29:24.890 [http-nio-8888-exec-2] INFO  org.springframework.web.servlet.DispatcherServlet - Initializing Servlet 'dispatcherServlet'
2023-10-25 17:29:24.893 [http-nio-8888-exec-2] INFO  org.springframework.web.servlet.DispatcherServlet - Completed initialization in 3 ms
2023-10-25 17:33:29.352 [SpringContextShutdownHook] INFO  o.s.scheduling.concurrent.ThreadPoolTaskScheduler - Shutting down ExecutorService 'taskScheduler'
2023-10-25 17:33:29.353 [SpringContextShutdownHook] INFO  o.s.scheduling.concurrent.ThreadPoolTaskExecutor - Shutting down ExecutorService 'applicationTaskExecutor'
